0 info it worked if it ends with ok
1 verbose cli [ '/usr/local/bin/node',
1 verbose cli   '/usr/local/bin/npm',
1 verbose cli   'install',
1 verbose cli   '-g',
1 verbose cli   'mongo-hacker' ]
2 info using npm@3.5.3
3 info using node@v4.2.2
4 silly loadCurrentTree Starting
5 silly install loadCurrentTree
6 silly install readGlobalPackageData
7 silly fetchPackageMetaData mongo-hacker
8 silly fetchNamedPackageData mongo-hacker
9 silly mapToRegistry name mongo-hacker
10 silly mapToRegistry using default registry
11 silly mapToRegistry registry https://registry.npmjs.org/
12 silly mapToRegistry uri https://registry.npmjs.org/mongo-hacker
13 verbose request uri https://registry.npmjs.org/mongo-hacker
14 verbose request no auth needed
15 info attempt registry request try #1 at 3:11:48 PM
16 verbose request id b71e8addca212e09
17 verbose etag "1AY8N4KYZ7PA48GO6FYKNELRM"
18 http request GET https://registry.npmjs.org/mongo-hacker
19 http 304 https://registry.npmjs.org/mongo-hacker
20 verbose headers { date: 'Sat, 25 Jun 2016 12:11:39 GMT',
20 verbose headers   via: '1.1 varnish',
20 verbose headers   'cache-control': 'max-age=300',
20 verbose headers   etag: '"1AY8N4KYZ7PA48GO6FYKNELRM"',
20 verbose headers   age: '209',
20 verbose headers   connection: 'keep-alive',
20 verbose headers   'x-served-by': 'cache-ams4126-AMS',
20 verbose headers   'x-cache': 'HIT',
20 verbose headers   'x-cache-hits': '1',
20 verbose headers   'x-timer': 'S1466856699.920940,VS0,VE0',
20 verbose headers   vary: 'Accept-Encoding' }
21 silly get cb [ 304,
21 silly get   { date: 'Sat, 25 Jun 2016 12:11:39 GMT',
21 silly get     via: '1.1 varnish',
21 silly get     'cache-control': 'max-age=300',
21 silly get     etag: '"1AY8N4KYZ7PA48GO6FYKNELRM"',
21 silly get     age: '209',
21 silly get     connection: 'keep-alive',
21 silly get     'x-served-by': 'cache-ams4126-AMS',
21 silly get     'x-cache': 'HIT',
21 silly get     'x-cache-hits': '1',
21 silly get     'x-timer': 'S1466856699.920940,VS0,VE0',
21 silly get     vary: 'Accept-Encoding' } ]
22 verbose etag https://registry.npmjs.org/mongo-hacker from cache
23 verbose get saving mongo-hacker to /Users/yevgenita/.npm/registry.npmjs.org/mongo-hacker/.cache.json
24 silly install normalizeTree
25 silly loadCurrentTree Finishing
26 silly loadIdealTree Starting
27 silly install loadIdealTree
28 silly cloneCurrentTree Starting
29 silly install cloneCurrentTreeToIdealTree
30 silly cloneCurrentTree Finishing
31 silly loadShrinkwrap Starting
32 silly install loadShrinkwrap
33 silly loadShrinkwrap Finishing
34 silly loadAllDepsIntoIdealTree Starting
35 silly install loadAllDepsIntoIdealTree
36 silly resolveWithNewModule mongo-hacker@0.0.13 checking installable status
37 silly cache add args [ 'mongo-hacker', null ]
38 verbose cache add spec mongo-hacker
39 silly cache add parsed spec Result {
39 silly cache add   raw: 'mongo-hacker',
39 silly cache add   scope: null,
39 silly cache add   name: 'mongo-hacker',
39 silly cache add   rawSpec: '',
39 silly cache add   spec: 'latest',
39 silly cache add   type: 'tag' }
40 silly addNamed mongo-hacker@latest
41 verbose addNamed "latest" is being treated as a dist-tag for mongo-hacker
42 info addNameTag [ 'mongo-hacker', 'latest' ]
43 silly mapToRegistry name mongo-hacker
44 silly mapToRegistry using default registry
45 silly mapToRegistry registry https://registry.npmjs.org/
46 silly mapToRegistry uri https://registry.npmjs.org/mongo-hacker
47 verbose addNameTag registry:https://registry.npmjs.org/mongo-hacker not in flight; fetching
48 verbose get https://registry.npmjs.org/mongo-hacker not expired, no request
49 silly addNameTag next cb for mongo-hacker with tag latest
50 silly addNamed mongo-hacker@0.0.13
51 verbose addNamed "0.0.13" is a plain semver version for mongo-hacker
52 silly cache afterAdd mongo-hacker@0.0.13
53 verbose afterAdd /Users/yevgenita/.npm/mongo-hacker/0.0.13/package/package.json not in flight; writing
54 verbose afterAdd /Users/yevgenita/.npm/mongo-hacker/0.0.13/package/package.json written
55 silly loadAllDepsIntoIdealTree Finishing
56 silly idealTree:prePrune lib
56 silly idealTree:prePrune └── mongo-hacker@0.0.13
57 silly loadIdealTree Finishing
58 silly currentTree lib
59 silly idealTree lib
59 silly idealTree └── mongo-hacker@0.0.13
60 silly generateActionsToTake Starting
61 silly install generateActionsToTake
62 silly generateActionsToTake Finishing
63 silly diffTrees action count 1
64 silly diffTrees add mongo-hacker@0.0.13
65 silly decomposeActions action count 8
66 silly decomposeActions fetch mongo-hacker@0.0.13
67 silly decomposeActions extract mongo-hacker@0.0.13
68 silly decomposeActions test mongo-hacker@0.0.13
69 silly decomposeActions preinstall mongo-hacker@0.0.13
70 silly decomposeActions build mongo-hacker@0.0.13
71 silly decomposeActions install mongo-hacker@0.0.13
72 silly decomposeActions postinstall mongo-hacker@0.0.13
73 silly decomposeActions finalize mongo-hacker@0.0.13
74 silly executeActions Starting
75 silly install executeActions
76 silly doSerial global-install 0
77 silly doParallel fetch 1
78 verbose lock using /Users/yevgenita/.npm/_locks/staging-3a08f0df5026584d.lock for /usr/local/lib/node_modules/.staging
79 silly doParallel extract 1
80 silly extract mongo-hacker@0.0.13
81 verbose unbuild lib/node_modules/.staging/mongo-hacker-2e9869c3
82 silly gentlyRm /usr/local/lib/node_modules/.staging/mongo-hacker-2e9869c3 is being purged from base /usr/local
83 verbose gentlyRm don't care about contents; nuking /usr/local/lib/node_modules/.staging/mongo-hacker-2e9869c3
84 verbose tar unpack /Users/yevgenita/.npm/mongo-hacker/0.0.13/package.tgz
85 verbose tar unpacking to /usr/local/lib/node_modules/.staging/mongo-hacker-2e9869c3
86 silly gentlyRm /usr/local/lib/node_modules/.staging/mongo-hacker-2e9869c3 is being purged
87 verbose gentlyRm don't care about contents; nuking /usr/local/lib/node_modules/.staging/mongo-hacker-2e9869c3
88 silly gunzTarPerm modes [ '755', '644' ]
89 silly gunzTarPerm extractEntry package.json
90 silly gunzTarPerm extractEntry .npmignore
91 silly gunzTarPerm extractEntry README.md
92 silly gunzTarPerm extractEntry LICENSE
93 silly gunzTarPerm extractEntry base.js
94 silly gunzTarPerm extractEntry config.js
95 silly gunzTarPerm extractEntry Makefile
96 silly gunzTarPerm extractEntry hacks/aggregation.js
97 silly gunzTarPerm extractEntry hacks/common.js
98 silly gunzTarPerm extractEntry hacks/count.js
99 silly gunzTarPerm extractEntry hacks/dbref.js
100 silly gunzTarPerm extractEntry hacks/color.js
101 silly gunzTarPerm extractEntry hacks/helpers.js
102 silly gunzTarPerm extractEntry hacks/index_paranoia.js
103 silly gunzTarPerm extractEntry hacks/old_aggregation.js
104 silly gunzTarPerm extractEntry hacks/prompt.js
105 silly gunzTarPerm extractEntry hacks/sh_status.js
106 silly gunzTarPerm extractEntry hacks/cmd_search.js
107 silly gunzTarPerm extractEntry hacks/show.js
108 silly gunzTarPerm extractEntry hacks/auto_complete.js
109 silly gunzTarPerm extractEntry hacks/uuid.js
110 silly gunzTarPerm extractEntry hacks/api.js
111 silly gunzTarPerm extractEntry hacks/verbose.js
112 silly gunzTarPerm extractEntry hacks/find_and_modify.js
113 silly gentlyRm /usr/local/lib/node_modules/.staging/mongo-hacker-2e9869c3/node_modules is being purged
114 verbose gentlyRm don't care about contents; nuking /usr/local/lib/node_modules/.staging/mongo-hacker-2e9869c3/node_modules
115 silly doParallel preinstall 1
116 silly preinstall mongo-hacker@0.0.13 /usr/local/lib/node_modules/.staging/mongo-hacker-2e9869c3
117 info lifecycle mongo-hacker@0.0.13~preinstall: mongo-hacker@0.0.13
118 silly lifecycle mongo-hacker@0.0.13~preinstall: no script for preinstall, continuing
119 silly doReverseSerial remove 0
120 silly doSerial move 0
121 silly doSerial finalize 1
122 silly finalize /usr/local/lib/node_modules/mongo-hacker
123 silly doSerial build 1
124 silly build mongo-hacker@0.0.13
125 info linkStuff mongo-hacker@0.0.13
126 silly linkStuff mongo-hacker@0.0.13 has /usr/local/lib/node_modules as its parent node_modules
127 silly linkStuff mongo-hacker@0.0.13 is part of a global install
128 silly linkStuff mongo-hacker@0.0.13 is installed into a global node_modules
129 silly linkStuff mongo-hacker@0.0.13 is installed into the top-level global node_modules
130 verbose linkBins mongo-hacker@0.0.13
131 verbose linkMans mongo-hacker@0.0.13
132 silly doSerial global-link 0
133 silly doParallel update-linked 0
134 silly doSerial install 1
135 silly install mongo-hacker@0.0.13 /usr/local/lib/node_modules/.staging/mongo-hacker-2e9869c3
136 info lifecycle mongo-hacker@0.0.13~install: mongo-hacker@0.0.13
137 verbose lifecycle mongo-hacker@0.0.13~install: unsafe-perm in lifecycle false
138 verbose lifecycle mongo-hacker@0.0.13~install: PATH: /usr/local/lib/node_modules/npm/bin/node-gyp-bin:/usr/local/lib/node_modules/mongo-hacker/node_modules/.bin:/usr/local/lib/node_modules/.bin:/usr/local/bin:/usr/bin:/bin:/usr/sbin:/sbin
139 verbose lifecycle mongo-hacker@0.0.13~install: CWD: /usr/local/lib/node_modules/mongo-hacker
140 silly lifecycle mongo-hacker@0.0.13~install: Args: [ '-c', 'make install' ]
141 silly lifecycle mongo-hacker@0.0.13~install: Returned: code: 2  signal: null
142 info lifecycle mongo-hacker@0.0.13~install: Failed to exec install script
143 verbose unlock done using /Users/yevgenita/.npm/_locks/staging-3a08f0df5026584d.lock for /usr/local/lib/node_modules/.staging
144 silly rollbackFailedOptional Starting
145 silly rollbackFailedOptional Finishing
146 silly runTopLevelLifecycles Starting
147 silly runTopLevelLifecycles Finishing
148 silly install printInstalled
149 verbose stack Error: mongo-hacker@0.0.13 install: `make install`
149 verbose stack Exit status 2
149 verbose stack     at EventEmitter.<anonymous> (/usr/local/lib/node_modules/npm/lib/utils/lifecycle.js:232:16)
149 verbose stack     at emitTwo (events.js:87:13)
149 verbose stack     at EventEmitter.emit (events.js:172:7)
149 verbose stack     at ChildProcess.<anonymous> (/usr/local/lib/node_modules/npm/lib/utils/spawn.js:24:14)
149 verbose stack     at emitTwo (events.js:87:13)
149 verbose stack     at ChildProcess.emit (events.js:172:7)
149 verbose stack     at maybeClose (internal/child_process.js:818:16)
149 verbose stack     at Process.ChildProcess._handle.onexit (internal/child_process.js:211:5)
150 verbose pkgid mongo-hacker@0.0.13
151 verbose cwd /Users/yevgenita/Sites/yourFirstMeteorApp/foosboom-meteor
152 error Darwin 15.5.0
153 error argv "/usr/local/bin/node" "/usr/local/bin/npm" "install" "-g" "mongo-hacker"
154 error node v4.2.2
155 error npm  v3.5.3
156 error code ELIFECYCLE
157 error mongo-hacker@0.0.13 install: `make install`
157 error Exit status 2
158 error Failed at the mongo-hacker@0.0.13 install script 'make install'.
158 error Make sure you have the latest version of node.js and npm installed.
158 error If you do, this is most likely a problem with the mongo-hacker package,
158 error not with npm itself.
158 error Tell the author that this fails on your system:
158 error     make install
158 error You can get information on how to open an issue for this project with:
158 error     npm bugs mongo-hacker
158 error Or if that isn't available, you can get their info via:
158 error     npm owner ls mongo-hacker
158 error There is likely additional logging output above.
159 verbose exit [ 1, true ]
